Performing C SOURCE FILE Test CMAKE_HAVE_LIBC_PTHREAD failed with the following output:
Change Dir: /home/franco/CLionProjects/tpi/cmake-build-debug/CMakeFiles/CMakeTmp

Run Build Command(s):/usr/bin/make cmTC_bad1c/fast && /usr/bin/make  -f CMakeFiles/cmTC_bad1c.dir/build.make CMakeFiles/cmTC_bad1c.dir/build
make[1]: se entra en el directorio '/home/franco/CLionProjects/tpi/cmake-build-debug/CMakeFiles/CMakeTmp'
Building C object CMakeFiles/cmTC_bad1c.dir/src.c.o
/usr/bin/cc   -DCMAKE_HAVE_LIBC_PTHREAD   -o CMakeFiles/cmTC_bad1c.dir/src.c.o   -c /home/franco/CLionProjects/tpi/cmake-build-debug/CMakeFiles/CMakeTmp/src.c
Linking C executable cmTC_bad1c
/snap/clion/145/bin/cmake/linux/bin/cmake -E cmake_link_script CMakeFiles/cmTC_bad1c.dir/link.txt --verbose=1
/usr/bin/cc  -DCMAKE_HAVE_LIBC_PTHREAD    -rdynamic CMakeFiles/cmTC_bad1c.dir/src.c.o  -o cmTC_bad1c 
CMakeFiles/cmTC_bad1c.dir/src.c.o: En la función `main':
src.c:(.text+0x3e): referencia a `pthread_create' sin definir
src.c:(.text+0x4a): referencia a `pthread_detach' sin definir
src.c:(.text+0x56): referencia a `pthread_cancel' sin definir
src.c:(.text+0x67): referencia a `pthread_join' sin definir
src.c:(.text+0x7b): referencia a `pthread_atfork' sin definir
collect2: error: ld returned 1 exit status
CMakeFiles/cmTC_bad1c.dir/build.make:106: fallo en las instrucciones para el objetivo 'cmTC_bad1c'
make[1]: *** [cmTC_bad1c] Error 1
make[1]: se sale del directorio '/home/franco/CLionProjects/tpi/cmake-build-debug/CMakeFiles/CMakeTmp'
Makefile:141: fallo en las instrucciones para el objetivo 'cmTC_bad1c/fast'
make: *** [cmTC_bad1c/fast] Error 2


Source file was:
#include <pthread.h>

void* test_func(void* data)
{
  return data;
}

int main(void)
{
  pthread_t thread;
  pthread_create(&thread, NULL, test_func, NULL);
  pthread_detach(thread);
  pthread_cancel(thread);
  pthread_join(thread, NULL);
  pthread_atfork(NULL, NULL, NULL);
  pthread_exit(NULL);

  return 0;
}

